Using pre-set license
Built from '2021.3/staging' branch; Version is '2021.3.23f1 (213b516bf396) revision 2177873'; Using compiler version '192829333'; Build Type 'Release'
OS: 'Windows 10  (10.0.19045) 64bit Core' Language: 'ja' Physical Memory: 49076 MB
BatchMode: 1, IsHumanControllingUs: 0, StartBugReporterOnCrash: 0, Is64bit: 1, IsPro: 1

COMMAND LINE ARGUMENTS:
D:\unityedit\2021.3.23f1\Editor\Unity.exe
-adb2
-batchMode
-noUpm
-name
AssetImportWorker2
-projectPath
D:/STUnity/UnityTeam
-logFile
Logs/AssetImportWorker2.log
-srvPort
49445
Successfully changed project path to: D:/STUnity/UnityTeam
D:/STUnity/UnityTeam
[UnityMemory] Configuration Parameters - Can be set up in boot.config
    "memorysetup-bucket-allocator-granularity=16"
    "memorysetup-bucket-allocator-bucket-count=8"
    "memorysetup-bucket-allocator-block-size=33554432"
    "memorysetup-bucket-allocator-block-count=8"
    "memorysetup-main-allocator-block-size=16777216"
    "memorysetup-thread-allocator-block-size=16777216"
    "memorysetup-gfx-main-allocator-block-size=16777216"
    "memorysetup-gfx-thread-allocator-block-size=16777216"
    "memorysetup-cache-allocator-block-size=4194304"
    "memorysetup-typetree-allocator-block-size=2097152"
    "memorysetup-profiler-bucket-allocator-granularity=16"
    "memorysetup-profiler-bucket-allocator-bucket-count=8"
    "memorysetup-profiler-bucket-allocator-block-size=33554432"
    "memorysetup-profiler-bucket-allocator-block-count=8"
    "memorysetup-profiler-allocator-block-size=16777216"
    "memorysetup-profiler-editor-allocator-block-size=1048576"
    "memorysetup-temp-allocator-size-main=16777216"
    "memorysetup-job-temp-allocator-block-size=2097152"
    "memorysetup-job-temp-allocator-block-size-background=1048576"
    "memorysetup-job-temp-allocator-reduction-small-platforms=262144"
    "memorysetup-temp-allocator-size-background-worker=32768"
    "memorysetup-temp-allocator-size-job-worker=262144"
    "memorysetup-temp-allocator-size-preload-manager=33554432"
    "memorysetup-temp-allocator-size-nav-mesh-worker=65536"
    "memorysetup-temp-allocator-size-audio-worker=65536"
    "memorysetup-temp-allocator-size-cloud-worker=32768"
    "memorysetup-temp-allocator-size-gi-baking-worker=262144"
    "memorysetup-temp-allocator-size-gfx=262144"
Player connection [29888] Host "[IP] 192.168.11.12 [Port] 0 [Flags] 2 [Guid] 2313789663 [EditorId] 2313789663 [Version] 1048832 [Id] WindowsEditor(7,DESKTOP-TUFOKL7) [Debug] 1 [PackageName] WindowsEditor [ProjectName] Editor" joined multi-casting on [225.0.0.222:54997]...

Player connection [29888] Host "[IP] 192.168.11.12 [Port] 0 [Flags] 2 [Guid] 2313789663 [EditorId] 2313789663 [Version] 1048832 [Id] WindowsEditor(7,DESKTOP-TUFOKL7) [Debug] 1 [PackageName] WindowsEditor [ProjectName] Editor" joined alternative multi-casting on [225.0.0.222:34997]...

Refreshing native plugins compatible for Editor in 85.36 ms, found 0 plugins.
Preloading 0 native plugins for Editor in 0.00 ms.
Initialize engine version: 2021.3.23f1 (213b516bf396)
[Subsystems] Discovering subsystems at path D:/unityedit/2021.3.23f1/Editor/Data/Resources/UnitySubsystems
[Subsystems] Discovering subsystems at path D:/STUnity/UnityTeam/Assets
GfxDevice: creating device client; threaded=0; jobified=0
Direct3D:
    Version:  Direct3D 11.0 [level 11.1]
    Renderer: NVIDIA GeForce RTX 2070 SUPER (ID=0x1e84)
    Vendor:   NVIDIA
    VRAM:     8003 MB
    Driver:   31.0.15.4633
Initialize mono
Mono path[0] = 'D:/unityedit/2021.3.23f1/Editor/Data/Managed'
Mono path[1] = 'D:/unityedit/2021.3.23f1/Editor/Data/MonoBleedingEdge/lib/mono/unityjit-win32'
Mono config path = 'D:/unityedit/2021.3.23f1/Editor/Data/MonoBleedingEdge/etc'
Using monoOptions --debugger-agent=transport=dt_socket,embedding=1,server=y,suspend=n,address=127.0.0.1:56664
Begin MonoManager ReloadAssembly
Registering precompiled unity dll's ...
Register platform support module: D:/unityedit/2021.3.23f1/Editor/Data/PlaybackEngines/WindowsStandaloneSupport/UnityEditor.WindowsStandalone.Extensions.dll
Registered in 0.003115 seconds.
Native extension for WindowsStandalone target not found
Refreshing native plugins compatible for Editor in 92.46 ms, found 0 plugins.
Preloading 0 native plugins for Editor in 0.00 ms.
Mono: successfully reloaded assembly
- Completed reload, in  0.664 seconds
Domain Reload Profiling:
	ReloadAssembly (664ms)
		BeginReloadAssembly (111ms)
			ExecutionOrderSort (0ms)
			DisableScriptedObjects (0ms)
			BackupInstance (0ms)
			ReleaseScriptingObjects (0ms)
			CreateAndSetChildDomain (1ms)
		EndReloadAssembly (458ms)
			LoadAssemblies (109ms)
			RebuildTransferFunctionScriptingTraits (0ms)
			SetupTypeCache (111ms)
			ReleaseScriptCaches (0ms)
			RebuildScriptCaches (29ms)
			SetupLoadedEditorAssemblies (270ms)
				LogAssemblyErrors (0ms)
				InitializePlatformSupportModulesInManaged (6ms)
				SetLoadedEditorAssemblies (0ms)
				RefreshPlugins (93ms)
				BeforeProcessingInitializeOnLoad (2ms)
				ProcessInitializeOnLoadAttributes (121ms)
				ProcessInitializeOnLoadMethodAttributes (49ms)
				AfterProcessingInitializeOnLoad (0ms)
				EditorAssembliesLoaded (0ms)
			ExecutionOrderSort2 (0ms)
			AwakeInstancesAfterBackupRestoration (0ms)
Platform modules already initialized, skipping
Registering precompiled user dll's ...
Registered in 0.004069 seconds.
Begin MonoManager ReloadAssembly
Symbol file LoadedFromMemory doesn't match image D:\STUnity\UnityTeam\Library\PackageCache\com.unity.visualscripting@1.8.0\Editor\VisualScripting.Core\Dependencies\YamlDotNet\Unity.VisualScripting.YamlDotNet.dll
Symbol file LoadedFromMemory doesn't match image D:\STUnity\UnityTeam\Library\PackageCache\com.unity.visualscripting@1.8.0\Editor\VisualScripting.Core\Dependencies\DotNetZip\Unity.VisualScripting.IonicZip.dll
Native extension for WindowsStandalone target not found
Refreshing native plugins compatible for Editor in 0.82 ms, found 0 plugins.
Preloading 0 native plugins for Editor in 0.00 ms.
Mono: successfully reloaded assembly
- Completed reload, in  0.622 seconds
Domain Reload Profiling:
	ReloadAssembly (623ms)
		BeginReloadAssembly (130ms)
			ExecutionOrderSort (0ms)
			DisableScriptedObjects (5ms)
			BackupInstance (0ms)
			ReleaseScriptingObjects (0ms)
			CreateAndSetChildDomain (20ms)
		EndReloadAssembly (398ms)
			LoadAssemblies (92ms)
			RebuildTransferFunctionScriptingTraits (0ms)
			SetupTypeCache (142ms)
			ReleaseScriptCaches (0ms)
			RebuildScriptCaches (23ms)
			SetupLoadedEditorAssemblies (138ms)
				LogAssemblyErrors (0ms)
				InitializePlatformSupportModulesInManaged (4ms)
				SetLoadedEditorAssemblies (0ms)
				RefreshPlugins (1ms)
				BeforeProcessingInitializeOnLoad (29ms)
				ProcessInitializeOnLoadAttributes (82ms)
				ProcessInitializeOnLoadMethodAttributes (19ms)
				AfterProcessingInitializeOnLoad (3ms)
				EditorAssembliesLoaded (0ms)
			ExecutionOrderSort2 (0ms)
			AwakeInstancesAfterBackupRestoration (6ms)
Platform modules already initialized, skipping
========================================================================
Worker process is ready to serve import requests
Failed to load shader (instanceID 396, GUID 9c442dc870b456e48b615cd8add0e9ef)
Launched and connected shader compiler UnityShaderCompiler.exe after 0.05 seconds
Refreshing native plugins compatible for Editor in 1.04 ms, found 0 plugins.
Preloading 0 native plugins for Editor in 0.00 ms.
Unloading 31 Unused Serialized files (Serialized files now loaded: 0)
Unloading 2 unused Assets / (56.4 KB). Loaded Objects now: 520.
Memory consumption went from 43.6 MB to 43.5 MB.
Total: 2.099500 ms (FindLiveObjects: 0.046300 ms CreateObjectMapping: 0.003000 ms MarkObjects: 1.986700 ms  DeleteObjects: 0.062700 ms)

AssetImportParameters requested are different than current active one (requested -> active):
  custom:video-decoder-ogg-theora: a1e56fd34408186e4bbccfd4996cb3dc -> 
  custom:container-muxer-webm: aa71ff27fc2769a1b78a27578f13a17b -> 
  custom:container-demuxer-webm: 4f35f7cbe854078d1ac9338744f61a02 -> 
  custom:video-encoder-webm-vp8: eb34c28f22e8b96e1ab97ce403110664 -> 
  custom:audio-encoder-webm-vorbis: bf7c407c2cedff20999df2af8eb42d56 -> 
  custom:framework-win-MediaFoundation: 216162199b28c13a410421893ffa2e32 -> 
  custom:container-demuxer-ogg: 62fdf1f143b41e24485cea50d1cbac27 -> 
  custom:video-decoder-webm-vp8: 9c59270c3fd7afecdb556c50c9e8de78 -> 
  custom:audio-decoder-ogg-vorbis: bf7c407c2cedff20999df2af8eb42d56 -> 
========================================================================
Received Import Request.
  Time since last request: 971.814375 seconds.
  path: Assets/beach.png
  artifactKey: Guid(c2439654d380afd478293fa9fe1856b6) Importer(815301076,1909f56bfc062723c751e8b465ee728b)
Start importing Assets/beach.png using Guid(c2439654d380afd478293fa9fe1856b6) Importer(815301076,1909f56bfc062723c751e8b465ee728b)  -> (artifact id: 'aa5d6cb1213fa788cc395b39cbf5b2e2') in 0.129221 seconds 
========================================================================
Received Import Request.
  Time since last request: 5.832994 seconds.
  path: Assets/beach.png
  artifactKey: Guid(c2439654d380afd478293fa9fe1856b6) Importer(815301076,1909f56bfc062723c751e8b465ee728b)
Start importing Assets/beach.png using Guid(c2439654d380afd478293fa9fe1856b6) Importer(815301076,1909f56bfc062723c751e8b465ee728b)  -> (artifact id: '488e825ea1f5fd27a99feac2e756d8c5') in 0.127247 seconds 
========================================================================
Received Import Request.
  Time since last request: 263.662962 seconds.
  path: Assets/New Terrain.asset
  artifactKey: Guid(59a9075769a76e74cb2ee4efbf2a422a) Importer(815301076,1909f56bfc062723c751e8b465ee728b)
Start importing Assets/New Terrain.asset using Guid(59a9075769a76e74cb2ee4efbf2a422a) Importer(815301076,1909f56bfc062723c751e8b465ee728b)  -> (artifact id: '8e37243dc161e3a0a54013b74d0edf99') in 0.017589 seconds 
========================================================================
Received Import Request.
  Time since last request: 13.056428 seconds.
  path: Assets/Animals_FREE
  artifactKey: Guid(19d73a82b3dabec4f91a34f03d06eedd) Importer(815301076,1909f56bfc062723c751e8b465ee728b)
Start importing Assets/Animals_FREE using Guid(19d73a82b3dabec4f91a34f03d06eedd) Importer(815301076,1909f56bfc062723c751e8b465ee728b)  -> (artifact id: 'f110cf9deb79aa8c711176b8c266b888') in 0.001193 seconds 
========================================================================
Received Import Request.
  Time since last request: 7.145796 seconds.
  path: Assets/Animals_FREE/Materials
  artifactKey: Guid(b3b4d62b5b1b7ec4db88db7118142593) Importer(815301076,1909f56bfc062723c751e8b465ee728b)
Start importing Assets/Animals_FREE/Materials using Guid(b3b4d62b5b1b7ec4db88db7118142593) Importer(815301076,1909f56bfc062723c751e8b465ee728b)  -> (artifact id: 'd47a2e87d974798beec94ff5cca65fa9') in 0.001505 seconds 
========================================================================
Received Import Request.
  Time since last request: 0.049669 seconds.
  path: Assets/Animals_FREE/Materials/Color.mat
  artifactKey: Guid(4bc6206bdc7c5144792f63d943f03532) Importer(815301076,1909f56bfc062723c751e8b465ee728b)
Start importing Assets/Animals_FREE/Materials/Color.mat using Guid(4bc6206bdc7c5144792f63d943f03532) Importer(815301076,1909f56bfc062723c751e8b465ee728b)  -> (artifact id: 'fd18c221ac5220b9c9241c6ffa95bb3b') in 0.339127 seconds 
========================================================================
Received Import Request.
  Time since last request: 1.918649 seconds.
  path: Assets/Animals_FREE/Prefabs
  artifactKey: Guid(146468f8d2ebe6046b7bf64dd0c3895d) Importer(815301076,1909f56bfc062723c751e8b465ee728b)
Start importing Assets/Animals_FREE/Prefabs using Guid(146468f8d2ebe6046b7bf64dd0c3895d) Importer(815301076,1909f56bfc062723c751e8b465ee728b)  -> (artifact id: 'eb3d25d6b81b929b8d70af8d40caf64d') in 0.001218 seconds 
========================================================================
Received Import Request.
  Time since last request: 0.064690 seconds.
  path: Assets/Animals_FREE/Prefabs/Chicken_001.prefab
  artifactKey: Guid(149b70b364be9b64d9e331169f8b5c28) Importer(815301076,1909f56bfc062723c751e8b465ee728b)
Start importing Assets/Animals_FREE/Prefabs/Chicken_001.prefab using Guid(149b70b364be9b64d9e331169f8b5c28) Importer(815301076,1909f56bfc062723c751e8b465ee728b)  -> (artifact id: '410e26dc9e61b0355775f4ba3efd092f') in 0.060635 seconds 
========================================================================
Received Import Request.
  Time since last request: 0.000018 seconds.
  path: Assets/Animals_FREE/Prefabs/Pinguin_001.prefab
  artifactKey: Guid(bc872a222baa3e541acaf7d390c1e9aa) Importer(815301076,1909f56bfc062723c751e8b465ee728b)
Start importing Assets/Animals_FREE/Prefabs/Pinguin_001.prefab using Guid(bc872a222baa3e541acaf7d390c1e9aa) Importer(815301076,1909f56bfc062723c751e8b465ee728b)  -> (artifact id: '8d13102c7f59e6f1e097ab5585ff2541') in 0.009821 seconds 
========================================================================
Received Import Request.
  Time since last request: 0.000034 seconds.
  path: Assets/Animals_FREE/Prefabs/Horse_001.prefab
  artifactKey: Guid(d5eb1b3748b88e245b2033ba7e2d3fa1) Importer(815301076,1909f56bfc062723c751e8b465ee728b)
Start importing Assets/Animals_FREE/Prefabs/Horse_001.prefab using Guid(d5eb1b3748b88e245b2033ba7e2d3fa1) Importer(815301076,1909f56bfc062723c751e8b465ee728b)  -> (artifact id: '6627d2398485b741b8653a16383d6c76') in 0.008835 seconds 
========================================================================
Received Import Request.
  Time since last request: 0.000020 seconds.
  path: Assets/Animals_FREE/Prefabs/Dog_001.prefab
  artifactKey: Guid(adb11d902b2436d428d60c75729665a6) Importer(815301076,1909f56bfc062723c751e8b465ee728b)
Start importing Assets/Animals_FREE/Prefabs/Dog_001.prefab using Guid(adb11d902b2436d428d60c75729665a6) Importer(815301076,1909f56bfc062723c751e8b465ee728b)  -> (artifact id: 'bfc7be216ea8b4828df9e603a705924a') in 0.009081 seconds 
========================================================================
Received Import Request.
  Time since last request: 0.000017 seconds.
  path: Assets/Animals_FREE/Prefabs/Tiger_001.prefab
  artifactKey: Guid(cf7f1989a74b86c4d8527d5676d887eb) Importer(815301076,1909f56bfc062723c751e8b465ee728b)
Start importing Assets/Animals_FREE/Prefabs/Tiger_001.prefab using Guid(cf7f1989a74b86c4d8527d5676d887eb) Importer(815301076,1909f56bfc062723c751e8b465ee728b)  -> (artifact id: '92fbdb00c1df01234fa7abe3acbdec2a') in 0.011120 seconds 
========================================================================
Received Import Request.
  Time since last request: 0.000023 seconds.
  path: Assets/Animals_FREE/Prefabs/Kitty_001.prefab
  artifactKey: Guid(013fa0d55df1c3841b8c569db9dd1ba6) Importer(815301076,1909f56bfc062723c751e8b465ee728b)
Start importing Assets/Animals_FREE/Prefabs/Kitty_001.prefab using Guid(013fa0d55df1c3841b8c569db9dd1ba6) Importer(815301076,1909f56bfc062723c751e8b465ee728b)  -> (artifact id: '559f1c37afe6744f8871c91f78936b77') in 0.010198 seconds 
Editor requested this worker to shutdown with reason: Scaling down because of idle timeout
AssetImportWorker is now disconnected from the server
Process exiting
Exiting without the bug reporter. Application will terminate with return code 0